<?xml version="1.0" encoding="UTF-8"?>
<!-- Generated by org.testng.reporters.JUnitXMLReporter -->
<testsuite ignored="152" hostname="DESKTOP-U64FBT2" failures="0" tests="85" name="Test" time="0.448" errors="0" timestamp="2021-09-08T16:13:13 BDT">
  <testcase classname="base_class.DriverSetup" name="@BeforeSuite setDriver" time="1.473">
    <failure type="org.openqa.selenium.SessionNotCreatedException" message="session not created: This version of ChromeDriver only supports Chrome version 91
Current browser version is 93.0.4577.63 with binary path C:\Program Files\Google\Chrome\Application\chrome.exe
Build info: version: &amp;apos;3.5.3&amp;apos;, revision: &amp;apos;a88d25fe6b&amp;apos;, time: &amp;apos;2017-08-29T12:54:15.039Z&amp;apos;
System info: host: &amp;apos;DESKTOP-U64FBT2&amp;apos;, ip: &amp;apos;192.168.88.26&amp;apos;, os.name: &amp;apos;Windows 10&amp;apos;, os.arch: &amp;apos;amd64&amp;apos;, os.version: &amp;apos;10.0&amp;apos;, java.version: &amp;apos;16.0.2&amp;apos;
Driver info: driver.version: ChromeDriver
remote stacktrace: Backtrace:
	Ordinal0 [0x01033733+2504499]
	Ordinal0 [0x00FCC401+2081793]
	Ordinal0 [0x00ED2628+1058344]
	Ordinal0 [0x00EF071A+1181466]
	Ordinal0 [0x00EEC58C+1164684]
	Ordinal0 [0x00EE9DC3+1154499]
	Ordinal0 [0x00F19B82+1350530]
	Ordinal0 [0x00F197DA+1349594]
	Ordinal0 [0x00F15D4B+1334603]
	Ordinal0 [0x00EF22B4+1188532]
	Ordinal0 [0x00EF3149+1192265]
	GetHandleVerifier [0x011AFB8C+1512252]
	GetHandleVerifier [0x0125B0DF+2214031]
	GetHandleVerifier [0x010B4BC3+484211]
	GetHandleVerifier [0x010B3E69+480793]
	Ordinal0 [0x00FD218D+2105741]
	Ordinal0 [0x00FD66E8+2123496]
	Ordinal0 [0x00FD6827+2123815]
	Ordinal0 [0x00FDFB73+2161523]
	BaseThreadInitThunk [0x77B0FA29+25]
	RtlGetAppContainerNamedObjectPath [0x77C77A7E+286]
	RtlGetAppContainerNamedObjectPath [0x77C77A4E+238]
">
      <![CDATA[org.openqa.selenium.SessionNotCreatedException: session not created: This version of ChromeDriver only supports Chrome version 91
Current browser version is 93.0.4577.63 with binary path C:\Program Files\Google\Chrome\Application\chrome.exe
Build info: version: '3.5.3', revision: 'a88d25fe6b', time: '2017-08-29T12:54:15.039Z'
System info: host: 'DESKTOP-U64FBT2', ip: '192.168.88.26', os.name: 'Windows 10', os.arch: 'amd64', os.version: '10.0', java.version: '16.0.2'
Driver info: driver.version: ChromeDriver
remote stacktrace: Backtrace:
Ordinal0 [0x01033733+2504499]
Ordinal0 [0x00FCC401+2081793]
Ordinal0 [0x00ED2628+1058344]
Ordinal0 [0x00EF071A+1181466]
Ordinal0 [0x00EEC58C+1164684]
Ordinal0 [0x00EE9DC3+1154499]
Ordinal0 [0x00F19B82+1350530]
Ordinal0 [0x00F197DA+1349594]
Ordinal0 [0x00F15D4B+1334603]
Ordinal0 [0x00EF22B4+1188532]
Ordinal0 [0x00EF3149+1192265]
GetHandleVerifier [0x011AFB8C+1512252]
GetHandleVerifier [0x0125B0DF+2214031]
GetHandleVerifier [0x010B4BC3+484211]
GetHandleVerifier [0x010B3E69+480793]
Ordinal0 [0x00FD218D+2105741]
Ordinal0 [0x00FD66E8+2123496]
Ordinal0 [0x00FD6827+2123815]
Ordinal0 [0x00FDFB73+2161523]
BaseThreadInitThunk [0x77B0FA29+25]
RtlGetAppContainerNamedObjectPath [0x77C77A7E+286]
RtlGetAppContainerNamedObjectPath [0x77C77A4E+238]

at org.openqa.selenium.remote.W3CHandshakeResponse.lambda$new$0(W3CHandshakeResponse.java:57)
at org.openqa.selenium.remote.W3CHandshakeResponse.lambda$getResponseFunction$2(W3CHandshakeResponse.java:104)
at org.openqa.selenium.remote.ProtocolHandshake.lambda$createSession$24(ProtocolHandshake.java:359)
at java.base/java.util.stream.ReferencePipeline$3$1.accept(ReferencePipeline.java:197)
at java.base/java.util.Spliterators$ArraySpliterator.tryAdvance(Spliterators.java:958)
at java.base/java.util.stream.ReferencePipeline.forEachWithCancel(ReferencePipeline.java:129)
at java.base/java.util.stream.AbstractPipeline.copyIntoWithCancel(AbstractPipeline.java:502)
at java.base/java.util.stream.AbstractPipeline.copyInto(AbstractPipeline.java:488)
at java.base/java.util.stream.AbstractPipeline.wrapAndCopyInto(AbstractPipeline.java:474)
at java.base/java.util.stream.FindOps$FindOp.evaluateSequential(FindOps.java:150)
at java.base/java.util.stream.AbstractPipeline.evaluate(AbstractPipeline.java:234)
at java.base/java.util.stream.ReferencePipeline.findFirst(ReferencePipeline.java:647)
at org.openqa.selenium.remote.ProtocolHandshake.createSession(ProtocolHandshake.java:362)
at org.openqa.selenium.remote.ProtocolHandshake.createSession(ProtocolHandshake.java:136)
at org.openqa.selenium.remote.HttpCommandExecutor.execute(HttpCommandExecutor.java:142)
at org.openqa.selenium.remote.service.DriverCommandExecutor.execute(DriverCommandExecutor.java:82)
at org.openqa.selenium.remote.RemoteWebDriver.execute(RemoteWebDriver.java:646)
at org.openqa.selenium.remote.RemoteWebDriver.startSession(RemoteWebDriver.java:255)
at org.openqa.selenium.remote.RemoteWebDriver.startSession(RemoteWebDriver.java:237)
at org.openqa.selenium.remote.RemoteWebDriver.<init>(RemoteWebDriver.java:138)
at org.openqa.selenium.chrome.ChromeDriver.<init>(ChromeDriver.java:178)
at org.openqa.selenium.chrome.ChromeDriver.<init>(ChromeDriver.java:167)
at org.openqa.selenium.chrome.ChromeDriver.<init>(ChromeDriver.java:124)
at base_class.DriverSetup.setDriver(DriverSetup.java:23)
... Removed 24 stack frames]]>
    </failure>
  </testcase> <!-- @BeforeSuite setDriver -->
  <testcase classname="general_settings_backend.VerifyActionsEducationlevels" name="ActionsTest" time="0.0">
    <skipped/>
  </testcase> <!-- ActionsTest -->
  <testcase classname="general_settings_backend.VerifyAddStudyArea" name="AddStudyAreaTest" time="0.0">
    <skipped/>
  </testcase> <!-- AddStudyAreaTest -->
  <testcase classname="general_settings_backend.VerifyEntriesStudyArea" name="EntriesTest" time="0.0">
    <skipped/>
  </testcase> <!-- EntriesTest -->
  <testcase classname="general_settings_backend.VerifyActionsSession" name="ActionsTest" time="0.0">
    <skipped/>
  </testcase> <!-- ActionsTest -->
  <testcase classname="system_settings_backend.VerifyLocaleSearch" name="LocaleSearchTest" time="0.0">
    <skipped/>
  </testcase> <!-- LocaleSearchTest -->
  <testcase classname="general_settings_backend.VerifySearchCountries" name="SearchTestCountries" time="0.0">
    <skipped/>
  </testcase> <!-- SearchTestCountries -->
  <testcase classname="general_settings_backend.VerifyActionState" name="ActionTest" time="0.0">
    <skipped/>
  </testcase> <!-- ActionTest -->
  <testcase classname="university_settings_backend.VerifyPreviousNextInstitutions" name="PreviousNextTest" time="0.0">
    <skipped/>
  </testcase> <!-- PreviousNextTest -->
  <testcase classname="blog_backend.SearchBlog" name="SearchTest" time="0.0">
    <skipped/>
  </testcase> <!-- SearchTest -->
  <testcase classname="celtabroad_frontend.VerifyLanguage" name="LanguageTest" time="0.0">
    <skipped/>
  </testcase> <!-- LanguageTest -->
  <testcase classname="university_settings_backend.VerifyAddUniversityRepresentatives" name="AddTestUniversityRepresentatives" time="0.0">
    <skipped/>
  </testcase> <!-- AddTestUniversityRepresentatives -->
  <testcase classname="user_authentication_backend.VerifyCheckboxofLogin" name="CheckboxTest" time="0.0">
    <skipped/>
  </testcase> <!-- CheckboxTest -->
  <testcase classname="general_settings_backend.VerifyAddCity" name="AddTest" time="0.0">
    <skipped/>
  </testcase> <!-- AddTest -->
  <testcase classname="university_settings_backend.VerifySearchProgram" name="ActionsTest" time="0.0">
    <skipped/>
  </testcase> <!-- ActionsTest -->
  <testcase classname="general_settings_backend.VerifyAddSession" name="AddTest" time="0.0">
    <skipped/>
  </testcase> <!-- AddTest -->
  <testcase classname="applications_backend.StatusButtonsApplications" name="StatusButtonsTest" time="0.0">
    <skipped/>
  </testcase> <!-- StatusButtonsTest -->
  <testcase classname="university_settings_backend.VerifyPreviousNextUniversityRepresentatives" name="PreviousNextTest" time="0.0">
    <skipped/>
  </testcase> <!-- PreviousNextTest -->
  <testcase classname="general_settings_backend.VerifyEntriesDiscipline" name="EntriesTest" time="0.0">
    <skipped/>
  </testcase> <!-- EntriesTest -->
  <testcase classname="dashboard_backend.VerifyDashboard" name="DashboardLinkTest" time="0.0">
    <skipped/>
  </testcase> <!-- DashboardLinkTest -->
  <testcase classname="general_settings_backend.VerifyDeleteCountrywiseEducation" name="DeleteTest" time="0.0">
    <skipped/>
  </testcase> <!-- DeleteTest -->
  <testcase classname="system_settings_backend.VerifyCurrenciesSearch" name="CurrenciesSearchTest" time="0.0">
    <skipped/>
  </testcase> <!-- CurrenciesSearchTest -->
  <testcase classname="general_settings_backend.VerifySearchCity" name="SearchTest" time="0.0">
    <skipped/>
  </testcase> <!-- SearchTest -->
  <testcase classname="celtabroad_frontend.VerifyLoginwithSocialMedia" name="LoginWithSocialMediaTest" time="0.0">
    <skipped/>
  </testcase> <!-- LoginWithSocialMediaTest -->
  <testcase classname="university_settings_backend.VerifyEntriesStudent" name="EntriesTest" time="0.0">
    <skipped/>
  </testcase> <!-- EntriesTest -->
  <testcase classname="system_settings_backend.VerifyCurrenciesActions" name="CurrenciesActionTest" time="0.0">
    <skipped/>
  </testcase> <!-- CurrenciesActionTest -->
  <testcase classname="general_settings_backend.VerifyAddDiscipline" name="AddDisciplineTest" time="0.0">
    <skipped/>
  </testcase> <!-- AddDisciplineTest -->
  <testcase classname="university_settings_backend.VerifyActionUniversityRepresentative" name="ActionTest" time="0.0">
    <skipped/>
  </testcase> <!-- ActionTest -->
  <testcase classname="system_settings_backend.Verifylocaleentries" name="LocaleEntriesTest" time="0.0">
    <skipped/>
  </testcase> <!-- LocaleEntriesTest -->
  <testcase classname="university_settings_backend.VerifyActionsInstitutions" name="ActionsTest" time="0.0">
    <skipped/>
  </testcase> <!-- ActionsTest -->
  <testcase classname="user_authentication_backend.Verifylogin" name="LoginTest" time="0.0">
    <skipped/>
  </testcase> <!-- LoginTest -->
  <testcase classname="general_settings_backend.VerifyEntriesRegion" name="TestEntriesRegions" time="0.0">
    <skipped/>
  </testcase> <!-- TestEntriesRegions -->
  <testcase classname="general_settings_backend.VerifySearchStudyArea" name="SearchTest" time="0.0">
    <skipped/>
  </testcase> <!-- SearchTest -->
  <testcase classname="general_settings_backend.VerifySearchSession" name="SearchTest" time="0.0">
    <skipped/>
  </testcase> <!-- SearchTest -->
  <testcase classname="university_settings_backend.VerifySearchStudent" name="SearchTest" time="0.0">
    <skipped/>
  </testcase> <!-- SearchTest -->
  <testcase classname="applications_backend.SearchApplications" name="SearchTest" time="0.0">
    <skipped/>
  </testcase> <!-- SearchTest -->
  <testcase classname="general_settings_backend.VerifyActionLanguage" name="ActionTestLanguage" time="0.0">
    <skipped/>
  </testcase> <!-- ActionTestLanguage -->
  <testcase classname="utilities.Screenshots" name="ScreenshotFailedCases" time="0.0">
    <skipped/>
  </testcase> <!-- ScreenshotFailedCases -->
  <testcase classname="general_settings_backend.VerifyEntriesEducationLevels" name="EntriesTest" time="0.0">
    <skipped/>
  </testcase> <!-- EntriesTest -->
  <testcase classname="logo_backend.VerifyCeltAbroadLogo" name="CeltAbroadLogoTest" time="0.0">
    <skipped/>
  </testcase> <!-- CeltAbroadLogoTest -->
  <testcase classname="general_settings_backend.VerifyEntriesCountry" name="EntriesTest" time="0.0">
    <skipped/>
  </testcase> <!-- EntriesTest -->
  <testcase classname="celtabroad_frontend.VerifySignUp" name="SignupTest" time="0.0">
    <skipped/>
  </testcase> <!-- SignupTest -->
  <testcase classname="system_settings_backend.VerifyCurrenciesEntries" name="CurrenciesEntriesTest" time="0.0">
    <skipped/>
  </testcase> <!-- CurrenciesEntriesTest -->
  <testcase classname="system_settings_backend.VerifyCurrenciesAdd" name="CurrenciesAddTest" time="0.0">
    <skipped/>
  </testcase> <!-- CurrenciesAddTest -->
  <testcase classname="general_settings_backend.VerifyPreviousNextCountrywiseeducation" name="PreviousNextTest" time="0.0">
    <skipped/>
  </testcase> <!-- PreviousNextTest -->
  <testcase classname="university_settings_backend.VerifyFeaturedActiveInstitutions" name="FeaturedActiveTest" time="0.0">
    <skipped/>
  </testcase> <!-- FeaturedActiveTest -->
  <testcase classname="general_settings_backend.VerifyPreviousNextEducationLevel" name="PreviousNextTest" time="0.0">
    <skipped/>
  </testcase> <!-- PreviousNextTest -->
  <testcase classname="celtabroad_frontend.VerifyPrivacyPolicyTermsConditionHelp" name="PrivacyPolicyTermsConditionHelpTest" time="0.0">
    <skipped/>
  </testcase> <!-- PrivacyPolicyTermsConditionHelpTest -->
  <testcase classname="blog_backend.AddBlog" name="AddTest" time="0.0">
    <skipped/>
  </testcase> <!-- AddTest -->
  <testcase classname="university_settings_backend.VerifyPreviousNextStudent" name="PreviousNextTest" time="0.0">
    <skipped/>
  </testcase> <!-- PreviousNextTest -->
  <testcase classname="university_settings_backend.VerifyStatusStudent" name="StatusTest" time="0.0">
    <skipped/>
  </testcase> <!-- StatusTest -->
  <testcase classname="system_settings_backend.VerifyLocaleAction" name="LocaleActionTest" time="0.0">
    <skipped/>
  </testcase> <!-- LocaleActionTest -->
  <testcase classname="user_authentication_backend.VerifyLogout" name="LogoutTest" time="0.0">
    <skipped/>
  </testcase> <!-- LogoutTest -->
  <testcase classname="menubutton_backend.VerifyHeaderMenuButton" name="MenuButtonTest" time="0.0">
    <skipped/>
  </testcase> <!-- MenuButtonTest -->
  <testcase classname="newsletter_backend.VerifyPreviousAndNext" name="PreviousNextTest" time="0.0">
    <skipped/>
  </testcase> <!-- PreviousNextTest -->
  <testcase classname="university_settings_backend.VerifySearchInstitutions" name="SearchTestInstitutions" time="0.0">
    <skipped/>
  </testcase> <!-- SearchTestInstitutions -->
  <testcase classname="celtabroad_frontend.VerifyNewsletter" name="NewsletterTest" time="0.0">
    <skipped/>
  </testcase> <!-- NewsletterTest -->
  <testcase classname="general_settings_backend.VerifySearchRegions" name="SearchTestRegions" time="0.0">
    <skipped/>
  </testcase> <!-- SearchTestRegions -->
  <testcase classname="blog_backend.ActionBlog" name="ActionTestBlog" time="0.0">
    <skipped/>
  </testcase> <!-- ActionTestBlog -->
  <testcase classname="university_settings_backend.VerifySearchUniversityRepresentatives" name="SearchTestUniversityRepresentative" time="0.0">
    <skipped/>
  </testcase> <!-- SearchTestUniversityRepresentative -->
  <testcase classname="celtabroad_frontend.VerifyCeltAbroadLogo" name="LogoTest" time="0.0">
    <skipped/>
  </testcase> <!-- LogoTest -->
  <testcase classname="university_settings_backend.VerifyActionsStudent" name="ActionTest" time="0.0">
    <skipped/>
  </testcase> <!-- ActionTest -->
  <testcase classname="celtabroad_frontend.VerifySearch" name="SearchTest" time="0.0">
    <skipped/>
  </testcase> <!-- SearchTest -->
  <testcase classname="security_test.VerifyHTTPorHTTPS" name="SecurityTest" time="0.0">
    <skipped/>
  </testcase> <!-- SecurityTest -->
  <testcase classname="celtabroad_frontend.VerifyFollowUS" name="FollowUsTest" time="0.0">
    <skipped/>
  </testcase> <!-- FollowUsTest -->
  <testcase classname="general_settings_backend.VerifySearchLanguage" name="SearchTestLanguage" time="0.0">
    <skipped/>
  </testcase> <!-- SearchTestLanguage -->
  <testcase classname="general_settings_backend.VerifyActionsCity" name="ActionsTest" time="0.0">
    <skipped/>
  </testcase> <!-- ActionsTest -->
  <testcase classname="general_settings_backend.VerifySearchCountrywiseeducation" name="SearchTest" time="0.0">
    <skipped/>
  </testcase> <!-- SearchTest -->
  <testcase classname="title_backend.VerifyTitle" name="TitleTest" time="0.0">
    <skipped/>
  </testcase> <!-- TitleTest -->
  <testcase classname="general_settings_backend.VerifyActionRegion" name="ActionTestRegion" time="0.0">
    <skipped/>
  </testcase> <!-- ActionTestRegion -->
  <testcase classname="general_settings_backend.VerifySearchState" name="SearchTest" time="0.0">
    <skipped/>
  </testcase> <!-- SearchTest -->
  <testcase classname="newsletter_backend.VerifySearch" name="NewsletterSearchTest" time="0.0">
    <skipped/>
  </testcase> <!-- NewsletterSearchTest -->
  <testcase classname="general_settings_backend.VerifyPreviousNextCity" name="TestPreviousNext" time="0.0">
    <skipped/>
  </testcase> <!-- TestPreviousNext -->
  <testcase classname="general_settings_backend.VerifyEntriesState" name="EntriesTest" time="0.0">
    <skipped/>
  </testcase> <!-- EntriesTest -->
  <testcase classname="general_settings_backend.VerifySearchEducationLevels" name="SearchTest" time="0.0">
    <skipped/>
  </testcase> <!-- SearchTest -->
  <testcase classname="general_settings_backend.VerifyAddCountrywiseeduction" name="AddTestCountrywiseeducation" time="0.0">
    <skipped/>
  </testcase> <!-- AddTestCountrywiseeducation -->
  <testcase classname="user_authentication_backend.VerifyForgotPassword" name="ForgotPasswordTest" time="0.0">
    <skipped/>
  </testcase> <!-- ForgotPasswordTest -->
  <testcase classname="university_settings_backend.VerifyPreviousNextPrograms" name="PreviousnextTest" time="0.0">
    <skipped/>
  </testcase> <!-- PreviousnextTest -->
  <testcase classname="university_settings_backend.VerifyFeaturedActivePrograms" name="FeaturedActiveTest" time="0.0">
    <skipped/>
  </testcase> <!-- FeaturedActiveTest -->
  <testcase classname="general_settings_backend.VerifyAddEducatioLevels" name="AddTest" time="0.0">
    <skipped/>
  </testcase> <!-- AddTest -->
  <testcase classname="university_settings_backend.VerifyActionsProgram" name="ActionsTest" time="0.0">
    <skipped/>
  </testcase> <!-- ActionsTest -->
  <testcase classname="general_settings_backend.VerifyEntriesSession" name="EntriesTest" time="0.0">
    <skipped/>
  </testcase> <!-- EntriesTest -->
  <testcase classname="general_settings_backend.VerifyAddRegions" name="verifyTestRegions" time="0.0">
    <skipped/>
  </testcase> <!-- verifyTestRegions -->
  <testcase classname="general_settings_backend.VerifyEntriesLanguages" name="LanguagesTestSeneralSettings" time="0.0">
    <skipped/>
  </testcase> <!-- LanguagesTestSeneralSettings -->
  <testcase classname="blog_backend.EntriesBlog" name="EntriesTest" time="0.0">
    <skipped/>
  </testcase> <!-- EntriesTest -->
  <testcase classname="general_settings_backend.VerifyEntriesCity" name="EntriesTest" time="0.0">
    <skipped/>
  </testcase> <!-- EntriesTest -->
  <testcase classname="base_class.DriverSetup" name="@AfterSuite close" time="0.0">
    <ignored/>
  </testcase> <!-- @AfterSuite close -->
  <testcase classname="base_class.DriverSetup" name="@AfterSuite close" time="0.0">
    <ignored/>
  </testcase> <!-- @AfterSuite close -->
  <testcase classname="base_class.DriverSetup" name="@AfterSuite close" time="0.0">
    <ignored/>
  </testcase> <!-- @AfterSuite close -->
  <testcase classname="base_class.DriverSetup" name="@AfterSuite close" time="0.0">
    <ignored/>
  </testcase> <!-- @AfterSuite close -->
  <testcase classname="base_class.DriverSetup" name="@AfterSuite close" time="0.0">
    <ignored/>
  </testcase> <!-- @AfterSuite close -->
  <testcase classname="base_class.DriverSetup" name="@AfterSuite close" time="0.0">
    <ignored/>
  </testcase> <!-- @AfterSuite close -->
  <testcase classname="base_class.DriverSetup" name="@AfterSuite close" time="0.0">
    <ignored/>
  </testcase> <!-- @AfterSuite close -->
  <testcase classname="base_class.DriverSetup" name="@AfterSuite close" time="0.0">
    <ignored/>
  </testcase> <!-- @AfterSuite close -->
  <testcase classname="base_class.DriverSetup" name="@AfterSuite close" time="0.0">
    <ignored/>
  </testcase> <!-- @AfterSuite close -->
  <testcase classname="base_class.DriverSetup" name="@AfterSuite close" time="0.0">
    <ignored/>
  </testcase> <!-- @AfterSuite close -->
  <testcase classname="base_class.DriverSetup" name="@AfterSuite close" time="0.0">
    <ignored/>
  </testcase> <!-- @AfterSuite close -->
  <testcase classname="base_class.DriverSetup" name="@AfterSuite close" time="0.0">
    <ignored/>
  </testcase> <!-- @AfterSuite close -->
  <testcase classname="base_class.DriverSetup" name="@AfterSuite close" time="0.0">
    <ignored/>
  </testcase> <!-- @AfterSuite close -->
  <testcase classname="base_class.DriverSetup" name="@AfterSuite close" time="0.0">
    <ignored/>
  </testcase> <!-- @AfterSuite close -->
  <testcase classname="base_class.DriverSetup" name="@AfterSuite close" time="0.0">
    <ignored/>
  </testcase> <!-- @AfterSuite close -->
  <testcase classname="base_class.DriverSetup" name="@AfterSuite close" time="0.0">
    <ignored/>
  </testcase> <!-- @AfterSuite close -->
  <testcase classname="base_class.DriverSetup" name="@AfterSuite close" time="0.0">
    <ignored/>
  </testcase> <!-- @AfterSuite close -->
  <testcase classname="base_class.DriverSetup" name="@AfterSuite close" time="0.0">
    <ignored/>
  </testcase> <!-- @AfterSuite close -->
  <testcase classname="base_class.DriverSetup" name="@AfterSuite close" time="0.0">
    <ignored/>
  </testcase> <!-- @AfterSuite close -->
  <testcase classname="base_class.DriverSetup" name="@AfterSuite close" time="0.0">
    <ignored/>
  </testcase> <!-- @AfterSuite close -->
  <testcase classname="base_class.DriverSetup" name="@AfterSuite close" time="0.0">
    <ignored/>
  </testcase> <!-- @AfterSuite close -->
  <testcase classname="base_class.DriverSetup" name="@AfterSuite close" time="0.0">
    <ignored/>
  </testcase> <!-- @AfterSuite close -->
  <testcase classname="base_class.DriverSetup" name="@AfterSuite close" time="0.0">
    <ignored/>
  </testcase> <!-- @AfterSuite close -->
  <testcase classname="base_class.DriverSetup" name="@AfterSuite close" time="0.0">
    <ignored/>
  </testcase> <!-- @AfterSuite close -->
  <testcase classname="base_class.DriverSetup" name="@AfterSuite close" time="0.0">
    <ignored/>
  </testcase> <!-- @AfterSuite close -->
  <testcase classname="base_class.DriverSetup" name="@AfterSuite close" time="0.0">
    <ignored/>
  </testcase> <!-- @AfterSuite close -->
  <testcase classname="base_class.DriverSetup" name="@AfterSuite close" time="0.0">
    <ignored/>
  </testcase> <!-- @AfterSuite close -->
  <testcase classname="base_class.DriverSetup" name="@AfterSuite close" time="0.0">
    <ignored/>
  </testcase> <!-- @AfterSuite close -->
  <testcase classname="base_class.DriverSetup" name="@AfterSuite close" time="0.0">
    <ignored/>
  </testcase> <!-- @AfterSuite close -->
  <testcase classname="base_class.DriverSetup" name="@AfterSuite close" time="0.0">
    <ignored/>
  </testcase> <!-- @AfterSuite close -->
  <testcase classname="base_class.DriverSetup" name="@AfterSuite close" time="0.0">
    <ignored/>
  </testcase> <!-- @AfterSuite close -->
  <testcase classname="base_class.DriverSetup" name="@AfterSuite close" time="0.0">
    <ignored/>
  </testcase> <!-- @AfterSuite close -->
  <testcase classname="base_class.DriverSetup" name="@AfterSuite close" time="0.0">
    <ignored/>
  </testcase> <!-- @AfterSuite close -->
  <testcase classname="base_class.DriverSetup" name="@AfterSuite close" time="0.0">
    <ignored/>
  </testcase> <!-- @AfterSuite close -->
  <testcase classname="base_class.DriverSetup" name="@AfterSuite close" time="0.0">
    <ignored/>
  </testcase> <!-- @AfterSuite close -->
  <testcase classname="base_class.DriverSetup" name="@AfterSuite close" time="0.0">
    <ignored/>
  </testcase> <!-- @AfterSuite close -->
  <testcase classname="base_class.DriverSetup" name="@AfterSuite close" time="0.0">
    <ignored/>
  </testcase> <!-- @AfterSuite close -->
  <testcase classname="base_class.DriverSetup" name="@AfterSuite close" time="0.0">
    <ignored/>
  </testcase> <!-- @AfterSuite close -->
  <testcase classname="base_class.DriverSetup" name="@AfterSuite close" time="0.0">
    <ignored/>
  </testcase> <!-- @AfterSuite close -->
  <testcase classname="base_class.DriverSetup" name="@AfterSuite close" time="0.0">
    <ignored/>
  </testcase> <!-- @AfterSuite close -->
  <testcase classname="base_class.DriverSetup" name="@AfterSuite close" time="0.0">
    <ignored/>
  </testcase> <!-- @AfterSuite close -->
  <testcase classname="base_class.DriverSetup" name="@AfterSuite close" time="0.0">
    <ignored/>
  </testcase> <!-- @AfterSuite close -->
  <testcase classname="base_class.DriverSetup" name="@AfterSuite close" time="0.0">
    <ignored/>
  </testcase> <!-- @AfterSuite close -->
  <testcase classname="base_class.DriverSetup" name="@AfterSuite close" time="0.0">
    <ignored/>
  </testcase> <!-- @AfterSuite close -->
  <testcase classname="base_class.DriverSetup" name="@AfterSuite close" time="0.0">
    <ignored/>
  </testcase> <!-- @AfterSuite close -->
  <testcase classname="base_class.DriverSetup" name="@AfterSuite close" time="0.0">
    <ignored/>
  </testcase> <!-- @AfterSuite close -->
  <testcase classname="base_class.DriverSetup" name="@AfterSuite close" time="0.0">
    <ignored/>
  </testcase> <!-- @AfterSuite close -->
  <testcase classname="base_class.DriverSetup" name="@AfterSuite close" time="0.0">
    <ignored/>
  </testcase> <!-- @AfterSuite close -->
  <testcase classname="base_class.DriverSetup" name="@AfterSuite close" time="0.0">
    <ignored/>
  </testcase> <!-- @AfterSuite close -->
  <testcase classname="base_class.DriverSetup" name="@AfterSuite close" time="0.0">
    <ignored/>
  </testcase> <!-- @AfterSuite close -->
  <testcase classname="base_class.DriverSetup" name="@AfterSuite close" time="0.0">
    <ignored/>
  </testcase> <!-- @AfterSuite close -->
  <testcase classname="base_class.DriverSetup" name="@AfterSuite close" time="0.0">
    <ignored/>
  </testcase> <!-- @AfterSuite close -->
  <testcase classname="base_class.DriverSetup" name="@AfterSuite close" time="0.0">
    <ignored/>
  </testcase> <!-- @AfterSuite close -->
  <testcase classname="base_class.DriverSetup" name="@AfterSuite close" time="0.0">
    <ignored/>
  </testcase> <!-- @AfterSuite close -->
  <testcase classname="base_class.DriverSetup" name="@AfterSuite close" time="0.0">
    <ignored/>
  </testcase> <!-- @AfterSuite close -->
  <testcase classname="base_class.DriverSetup" name="@AfterSuite close" time="0.0">
    <ignored/>
  </testcase> <!-- @AfterSuite close -->
  <testcase classname="base_class.DriverSetup" name="@AfterSuite close" time="0.0">
    <ignored/>
  </testcase> <!-- @AfterSuite close -->
  <testcase classname="base_class.DriverSetup" name="@AfterSuite close" time="0.0">
    <ignored/>
  </testcase> <!-- @AfterSuite close -->
  <testcase classname="base_class.DriverSetup" name="@AfterSuite close" time="0.0">
    <ignored/>
  </testcase> <!-- @AfterSuite close -->
  <testcase classname="base_class.DriverSetup" name="@AfterSuite close" time="0.0">
    <ignored/>
  </testcase> <!-- @AfterSuite close -->
  <testcase classname="base_class.DriverSetup" name="@AfterSuite close" time="0.0">
    <ignored/>
  </testcase> <!-- @AfterSuite close -->
  <testcase classname="base_class.DriverSetup" name="@AfterSuite close" time="0.0">
    <ignored/>
  </testcase> <!-- @AfterSuite close -->
  <testcase classname="base_class.DriverSetup" name="@AfterSuite close" time="0.0">
    <ignored/>
  </testcase> <!-- @AfterSuite close -->
  <testcase classname="base_class.DriverSetup" name="@AfterSuite close" time="0.0">
    <ignored/>
  </testcase> <!-- @AfterSuite close -->
  <testcase classname="base_class.DriverSetup" name="@AfterSuite close" time="0.0">
    <ignored/>
  </testcase> <!-- @AfterSuite close -->
  <testcase classname="base_class.DriverSetup" name="@AfterSuite close" time="0.0">
    <ignored/>
  </testcase> <!-- @AfterSuite close -->
  <testcase classname="base_class.DriverSetup" name="@AfterSuite close" time="0.0">
    <ignored/>
  </testcase> <!-- @AfterSuite close -->
  <testcase classname="base_class.DriverSetup" name="@AfterSuite close" time="0.0">
    <ignored/>
  </testcase> <!-- @AfterSuite close -->
  <testcase classname="base_class.DriverSetup" name="@AfterSuite close" time="0.0">
    <ignored/>
  </testcase> <!-- @AfterSuite close -->
  <testcase classname="base_class.DriverSetup" name="@AfterSuite close" time="0.0">
    <ignored/>
  </testcase> <!-- @AfterSuite close -->
  <testcase classname="base_class.DriverSetup" name="@AfterSuite close" time="0.0">
    <ignored/>
  </testcase> <!-- @AfterSuite close -->
  <testcase classname="base_class.DriverSetup" name="@AfterSuite close" time="0.0">
    <ignored/>
  </testcase> <!-- @AfterSuite close -->
  <testcase classname="base_class.DriverSetup" name="@AfterSuite close" time="0.0">
    <ignored/>
  </testcase> <!-- @AfterSuite close -->
  <testcase classname="base_class.DriverSetup" name="@AfterSuite close" time="0.0">
    <ignored/>
  </testcase> <!-- @AfterSuite close -->
  <testcase classname="base_class.DriverSetup" name="@AfterSuite close" time="0.0">
    <ignored/>
  </testcase> <!-- @AfterSuite close -->
  <testcase classname="base_class.DriverSetup" name="@AfterSuite close" time="0.0">
    <ignored/>
  </testcase> <!-- @AfterSuite close -->
  <testcase classname="base_class.DriverSetup" name="@BeforeSuite setDriver" time="0.0">
    <ignored/>
  </testcase> <!-- @BeforeSuite setDriver -->
  <testcase classname="base_class.DriverSetup" name="@BeforeSuite setDriver" time="0.0">
    <ignored/>
  </testcase> <!-- @BeforeSuite setDriver -->
  <testcase classname="base_class.DriverSetup" name="@BeforeSuite setDriver" time="0.0">
    <ignored/>
  </testcase> <!-- @BeforeSuite setDriver -->
  <testcase classname="base_class.DriverSetup" name="@BeforeSuite setDriver" time="0.0">
    <ignored/>
  </testcase> <!-- @BeforeSuite setDriver -->
  <testcase classname="base_class.DriverSetup" name="@BeforeSuite setDriver" time="0.0">
    <ignored/>
  </testcase> <!-- @BeforeSuite setDriver -->
  <testcase classname="base_class.DriverSetup" name="@BeforeSuite setDriver" time="0.0">
    <ignored/>
  </testcase> <!-- @BeforeSuite setDriver -->
  <testcase classname="base_class.DriverSetup" name="@BeforeSuite setDriver" time="0.0">
    <ignored/>
  </testcase> <!-- @BeforeSuite setDriver -->
  <testcase classname="base_class.DriverSetup" name="@BeforeSuite setDriver" time="0.0">
    <ignored/>
  </testcase> <!-- @BeforeSuite setDriver -->
  <testcase classname="base_class.DriverSetup" name="@BeforeSuite setDriver" time="0.0">
    <ignored/>
  </testcase> <!-- @BeforeSuite setDriver -->
  <testcase classname="base_class.DriverSetup" name="@BeforeSuite setDriver" time="0.0">
    <ignored/>
  </testcase> <!-- @BeforeSuite setDriver -->
  <testcase classname="base_class.DriverSetup" name="@BeforeSuite setDriver" time="0.0">
    <ignored/>
  </testcase> <!-- @BeforeSuite setDriver -->
  <testcase classname="base_class.DriverSetup" name="@BeforeSuite setDriver" time="0.0">
    <ignored/>
  </testcase> <!-- @BeforeSuite setDriver -->
  <testcase classname="base_class.DriverSetup" name="@BeforeSuite setDriver" time="0.0">
    <ignored/>
  </testcase> <!-- @BeforeSuite setDriver -->
  <testcase classname="base_class.DriverSetup" name="@BeforeSuite setDriver" time="0.0">
    <ignored/>
  </testcase> <!-- @BeforeSuite setDriver -->
  <testcase classname="base_class.DriverSetup" name="@BeforeSuite setDriver" time="0.0">
    <ignored/>
  </testcase> <!-- @BeforeSuite setDriver -->
  <testcase classname="base_class.DriverSetup" name="@BeforeSuite setDriver" time="0.0">
    <ignored/>
  </testcase> <!-- @BeforeSuite setDriver -->
  <testcase classname="base_class.DriverSetup" name="@BeforeSuite setDriver" time="0.0">
    <ignored/>
  </testcase> <!-- @BeforeSuite setDriver -->
  <testcase classname="base_class.DriverSetup" name="@BeforeSuite setDriver" time="0.0">
    <ignored/>
  </testcase> <!-- @BeforeSuite setDriver -->
  <testcase classname="base_class.DriverSetup" name="@BeforeSuite setDriver" time="0.0">
    <ignored/>
  </testcase> <!-- @BeforeSuite setDriver -->
  <testcase classname="base_class.DriverSetup" name="@BeforeSuite setDriver" time="0.0">
    <ignored/>
  </testcase> <!-- @BeforeSuite setDriver -->
  <testcase classname="base_class.DriverSetup" name="@BeforeSuite setDriver" time="0.0">
    <ignored/>
  </testcase> <!-- @BeforeSuite setDriver -->
  <testcase classname="base_class.DriverSetup" name="@BeforeSuite setDriver" time="0.0">
    <ignored/>
  </testcase> <!-- @BeforeSuite setDriver -->
  <testcase classname="base_class.DriverSetup" name="@BeforeSuite setDriver" time="0.0">
    <ignored/>
  </testcase> <!-- @BeforeSuite setDriver -->
  <testcase classname="base_class.DriverSetup" name="@BeforeSuite setDriver" time="0.0">
    <ignored/>
  </testcase> <!-- @BeforeSuite setDriver -->
  <testcase classname="base_class.DriverSetup" name="@BeforeSuite setDriver" time="0.0">
    <ignored/>
  </testcase> <!-- @BeforeSuite setDriver -->
  <testcase classname="base_class.DriverSetup" name="@BeforeSuite setDriver" time="0.0">
    <ignored/>
  </testcase> <!-- @BeforeSuite setDriver -->
  <testcase classname="base_class.DriverSetup" name="@BeforeSuite setDriver" time="0.0">
    <ignored/>
  </testcase> <!-- @BeforeSuite setDriver -->
  <testcase classname="base_class.DriverSetup" name="@BeforeSuite setDriver" time="0.0">
    <ignored/>
  </testcase> <!-- @BeforeSuite setDriver -->
  <testcase classname="base_class.DriverSetup" name="@BeforeSuite setDriver" time="0.0">
    <ignored/>
  </testcase> <!-- @BeforeSuite setDriver -->
  <testcase classname="base_class.DriverSetup" name="@BeforeSuite setDriver" time="0.0">
    <ignored/>
  </testcase> <!-- @BeforeSuite setDriver -->
  <testcase classname="base_class.DriverSetup" name="@BeforeSuite setDriver" time="0.0">
    <ignored/>
  </testcase> <!-- @BeforeSuite setDriver -->
  <testcase classname="base_class.DriverSetup" name="@BeforeSuite setDriver" time="0.0">
    <ignored/>
  </testcase> <!-- @BeforeSuite setDriver -->
  <testcase classname="base_class.DriverSetup" name="@BeforeSuite setDriver" time="0.0">
    <ignored/>
  </testcase> <!-- @BeforeSuite setDriver -->
  <testcase classname="base_class.DriverSetup" name="@BeforeSuite setDriver" time="0.0">
    <ignored/>
  </testcase> <!-- @BeforeSuite setDriver -->
  <testcase classname="base_class.DriverSetup" name="@BeforeSuite setDriver" time="0.0">
    <ignored/>
  </testcase> <!-- @BeforeSuite setDriver -->
  <testcase classname="base_class.DriverSetup" name="@BeforeSuite setDriver" time="0.0">
    <ignored/>
  </testcase> <!-- @BeforeSuite setDriver -->
  <testcase classname="base_class.DriverSetup" name="@BeforeSuite setDriver" time="0.0">
    <ignored/>
  </testcase> <!-- @BeforeSuite setDriver -->
  <testcase classname="base_class.DriverSetup" name="@BeforeSuite setDriver" time="0.0">
    <ignored/>
  </testcase> <!-- @BeforeSuite setDriver -->
  <testcase classname="base_class.DriverSetup" name="@BeforeSuite setDriver" time="0.0">
    <ignored/>
  </testcase> <!-- @BeforeSuite setDriver -->
  <testcase classname="base_class.DriverSetup" name="@BeforeSuite setDriver" time="0.0">
    <ignored/>
  </testcase> <!-- @BeforeSuite setDriver -->
  <testcase classname="base_class.DriverSetup" name="@BeforeSuite setDriver" time="0.0">
    <ignored/>
  </testcase> <!-- @BeforeSuite setDriver -->
  <testcase classname="base_class.DriverSetup" name="@BeforeSuite setDriver" time="0.0">
    <ignored/>
  </testcase> <!-- @BeforeSuite setDriver -->
  <testcase classname="base_class.DriverSetup" name="@BeforeSuite setDriver" time="0.0">
    <ignored/>
  </testcase> <!-- @BeforeSuite setDriver -->
  <testcase classname="base_class.DriverSetup" name="@BeforeSuite setDriver" time="0.0">
    <ignored/>
  </testcase> <!-- @BeforeSuite setDriver -->
  <testcase classname="base_class.DriverSetup" name="@BeforeSuite setDriver" time="0.0">
    <ignored/>
  </testcase> <!-- @BeforeSuite setDriver -->
  <testcase classname="base_class.DriverSetup" name="@BeforeSuite setDriver" time="0.0">
    <ignored/>
  </testcase> <!-- @BeforeSuite setDriver -->
  <testcase classname="base_class.DriverSetup" name="@BeforeSuite setDriver" time="0.0">
    <ignored/>
  </testcase> <!-- @BeforeSuite setDriver -->
  <testcase classname="base_class.DriverSetup" name="@BeforeSuite setDriver" time="0.0">
    <ignored/>
  </testcase> <!-- @BeforeSuite setDriver -->
  <testcase classname="base_class.DriverSetup" name="@BeforeSuite setDriver" time="0.0">
    <ignored/>
  </testcase> <!-- @BeforeSuite setDriver -->
  <testcase classname="base_class.DriverSetup" name="@BeforeSuite setDriver" time="0.0">
    <ignored/>
  </testcase> <!-- @BeforeSuite setDriver -->
  <testcase classname="base_class.DriverSetup" name="@BeforeSuite setDriver" time="0.0">
    <ignored/>
  </testcase> <!-- @BeforeSuite setDriver -->
  <testcase classname="base_class.DriverSetup" name="@BeforeSuite setDriver" time="0.0">
    <ignored/>
  </testcase> <!-- @BeforeSuite setDriver -->
  <testcase classname="base_class.DriverSetup" name="@BeforeSuite setDriver" time="0.0">
    <ignored/>
  </testcase> <!-- @BeforeSuite setDriver -->
  <testcase classname="base_class.DriverSetup" name="@BeforeSuite setDriver" time="0.0">
    <ignored/>
  </testcase> <!-- @BeforeSuite setDriver -->
  <testcase classname="base_class.DriverSetup" name="@BeforeSuite setDriver" time="0.0">
    <ignored/>
  </testcase> <!-- @BeforeSuite setDriver -->
  <testcase classname="base_class.DriverSetup" name="@BeforeSuite setDriver" time="0.0">
    <ignored/>
  </testcase> <!-- @BeforeSuite setDriver -->
  <testcase classname="base_class.DriverSetup" name="@BeforeSuite setDriver" time="0.0">
    <ignored/>
  </testcase> <!-- @BeforeSuite setDriver -->
  <testcase classname="base_class.DriverSetup" name="@BeforeSuite setDriver" time="0.0">
    <ignored/>
  </testcase> <!-- @BeforeSuite setDriver -->
  <testcase classname="base_class.DriverSetup" name="@BeforeSuite setDriver" time="0.0">
    <ignored/>
  </testcase> <!-- @BeforeSuite setDriver -->
  <testcase classname="base_class.DriverSetup" name="@BeforeSuite setDriver" time="0.0">
    <ignored/>
  </testcase> <!-- @BeforeSuite setDriver -->
  <testcase classname="base_class.DriverSetup" name="@BeforeSuite setDriver" time="0.0">
    <ignored/>
  </testcase> <!-- @BeforeSuite setDriver -->
  <testcase classname="base_class.DriverSetup" name="@BeforeSuite setDriver" time="0.0">
    <ignored/>
  </testcase> <!-- @BeforeSuite setDriver -->
  <testcase classname="base_class.DriverSetup" name="@BeforeSuite setDriver" time="0.0">
    <ignored/>
  </testcase> <!-- @BeforeSuite setDriver -->
  <testcase classname="base_class.DriverSetup" name="@BeforeSuite setDriver" time="0.0">
    <ignored/>
  </testcase> <!-- @BeforeSuite setDriver -->
  <testcase classname="base_class.DriverSetup" name="@BeforeSuite setDriver" time="0.0">
    <ignored/>
  </testcase> <!-- @BeforeSuite setDriver -->
  <testcase classname="base_class.DriverSetup" name="@BeforeSuite setDriver" time="0.0">
    <ignored/>
  </testcase> <!-- @BeforeSuite setDriver -->
  <testcase classname="base_class.DriverSetup" name="@BeforeSuite setDriver" time="0.0">
    <ignored/>
  </testcase> <!-- @BeforeSuite setDriver -->
  <testcase classname="base_class.DriverSetup" name="@BeforeSuite setDriver" time="0.0">
    <ignored/>
  </testcase> <!-- @BeforeSuite setDriver -->
  <testcase classname="base_class.DriverSetup" name="@BeforeSuite setDriver" time="0.0">
    <ignored/>
  </testcase> <!-- @BeforeSuite setDriver -->
  <testcase classname="base_class.DriverSetup" name="@BeforeSuite setDriver" time="0.0">
    <ignored/>
  </testcase> <!-- @BeforeSuite setDriver -->
  <testcase classname="base_class.DriverSetup" name="@BeforeSuite setDriver" time="0.0">
    <ignored/>
  </testcase> <!-- @BeforeSuite setDriver -->
  <testcase classname="base_class.DriverSetup" name="@BeforeSuite setDriver" time="0.0">
    <ignored/>
  </testcase> <!-- @BeforeSuite setDriver -->
  <testcase classname="base_class.DriverSetup" name="@BeforeSuite setDriver" time="0.0">
    <ignored/>
  </testcase> <!-- @BeforeSuite setDriver -->
  <testcase classname="base_class.DriverSetup" name="@BeforeSuite setDriver" time="0.0">
    <ignored/>
  </testcase> <!-- @BeforeSuite setDriver -->
  <testcase classname="base_class.DriverSetup" name="@BeforeSuite setDriver" time="0.0">
    <ignored/>
  </testcase> <!-- @BeforeSuite setDriver -->
  <testcase classname="base_class.DriverSetup" name="@BeforeSuite setDriver" time="0.0">
    <ignored/>
  </testcase> <!-- @BeforeSuite setDriver -->
</testsuite> <!-- Test -->
