<?xml version="1.0" encoding="UTF-8"?>
<testng-results ignored="0" total="1" passed="1" failed="0" skipped="0">
  <reporter-output>
  </reporter-output>
  <suite started-at="2021-08-23T18:17:28 BDT" name="Default suite" finished-at="2021-08-23T18:17:38 BDT" duration-ms="10109">
    <groups>
    </groups>
    <test started-at="2021-08-23T18:17:28 BDT" name="Default test" finished-at="2021-08-23T18:17:38 BDT" duration-ms="10109">
      <class name="celtabroad_backend.Verify_login">
        <test-method signature="login_test()[pri:1, instance:celtabroad_backend.Verify_login@54a7079e]" started-at="2021-08-23T18:17:28 BDT" name="login_test" description="it will check the login functionality" finished-at="2021-08-23T18:17:38 BDT" duration-ms="10076" status="PASS">
          <reporter-output>
          </reporter-output>
        </test-method> <!-- login_test -->
      </class> <!-- celtabroad_backend.Verify_login -->
    </test> <!-- Default test -->
  </suite> <!-- Default suite -->
</testng-results>
